<?xml version="1.0" encoding="UTF-8"?>
<testng-results ignored="0" total="1" passed="1" failed="0" skipped="0">
  <reporter-output>
  </reporter-output>
  <suite started-at="2024-12-27T19:40:28 IST" name="Surefire suite" finished-at="2024-12-27T19:40:30 IST" duration-ms="2505">
    <groups>
    </groups>
    <test started-at="2024-12-27T19:40:28 IST" name="Surefire test" finished-at="2024-12-27T19:40:30 IST" duration-ms="2505">
      <class name="Screenshot.SsmethodTest">
        <test-method signature="methodScreenshot()[pri:0, instance:Screenshot.SsmethodTest@2177849e]" started-at="2024-12-27T19:40:28 IST" name="methodScreenshot" finished-at="2024-12-27T19:40:30 IST" duration-ms="2472" status="PASS">
          <reporter-output>
          </reporter-output>
        </test-method> <!-- methodScreenshot -->
      </class> <!-- Screenshot.SsmethodTest -->
    </test> <!-- Surefire test -->
  </suite> <!-- Surefire suite -->
</testng-results>
