<?xml version="1.0" encoding="UTF-8"?>
<testng-results ignored="0" total="1" passed="1" failed="0" skipped="0">
  <reporter-output>
  </reporter-output>
  <suite started-at="2025-01-04T15:17:42 IST" name="Default suite" finished-at="2025-01-04T15:18:06 IST" duration-ms="24178">
    <groups>
    </groups>
    <test started-at="2025-01-04T15:17:42 IST" name="Default test" finished-at="2025-01-04T15:18:06 IST" duration-ms="24178">
      <class name="dropdown.Dropdown">
        <test-method signature="matchElementCheck()[pri:0, instance:dropdown.Dropdown@771a660]" started-at="2025-01-04T15:17:42 IST" name="matchElementCheck" finished-at="2025-01-04T15:18:06 IST" duration-ms="24115" status="PASS">
          <reporter-output>
          </reporter-output>
        </test-method> <!-- matchElementCheck -->
      </class> <!-- dropdown.Dropdown -->
    </test> <!-- Default test -->
  </suite> <!-- Default suite -->
</testng-results>
